<?xml version="1.0" encoding="UTF-8"?>
<testsuite xmlns:xsi="http://www.w3.org/2001/XMLSchema-instance" xsi:noNamespaceSchemaLocation="https://maven.apache.org/surefire/maven-surefire-plugin/xsd/surefire-test-report.xsd" version="3.0.1" name="cucumberOptions.TestRunner" time="39.666" tests="1" errors="0" skipped="0" failures="0">
  <properties>
[...]
</properties>
  <testcase name="runScenario[&quot;Add flower to wish and verify&quot;, &quot;Flower wish functionality&quot;](1)" classname="cucumberOptions.TestRunner" time="37.782">
    <system-out><![CDATA[
@wish
Scenario: Add flower to wish and verify &amp#27;[90m# src/test/resources/features/wish.feature:4&amp#27;[0m
hooks invoked
  &amp#27;[32mGiven &amp#27;[0m&amp#27;[32muser is on search screen&amp#27;[0m        &amp#27;[90m# stepDefinations.WishlistStep.user_is_on_search_screen()&amp#27;[0m
  &amp#27;[32mWhen &amp#27;[0m&amp#27;[32muser searches flower from excel&amp#27;[0m  &amp#27;[90m# stepDefinations.WishlistStep.user_searches_flower_from_excel()&amp#27;[0m
adding to wishlist
  &amp#27;[32mAnd &amp#27;[0m&amp#27;[32muser adds flower to wish&amp#27;[0m          &amp#27;[90m# stepDefinations.WishlistStep.user_adds_flower_to_wish()&amp#27;[0m
ss taken********
  &amp#27;[32mThen &amp#27;[0m&amp#27;[32mflower should be present in wish&amp#27;[0m &amp#27;[90m# stepDefinations.WishlistStep.flower_should_be_present_in_wish()&amp#27;[0m
]]></system-out>
    <system-err><![CDATA[SLF4J(W): No SLF4J providers were found.
SLF4J(W): Defaulting to no-operation (NOP) logger implementation
SLF4J(W): See https://www.slf4j.org/codes.html#noProviders for further details.
Feb 13, 2026 12:45:44 PM org.openqa.selenium.devtools.CdpVersionFinder findNearestMatch
WARNING: Unable to find an exact match for CDP version 144, returning the closest version; found: 142; Please update to a Selenium version that supports CDP version 144
]]></system-err>
  </testcase>
</testsuite>